<?xml version="1.0" encoding="UTF-8"?>
<!-- Generated by org.testng.reporters.JUnitReportReporter -->
<testsuite ignored="0" hostname="DESKTOP-1LKOS4U" failures="0" tests="2" name="cucumberOptions.TestRunner" time="62.296" errors="0" timestamp="24 Dec 2021 03:01:07 GMT" skipped="0">
  <testcase classname="cucumberOptions.TestRunner" name="runScenario" time="30.165"/>
  <testcase classname="cucumberOptions.TestRunner" name="runScenario" time="32.131"/>
</testsuite> <!-- cucumberOptions.TestRunner -->
