<?xml version="1.0" encoding="UTF-8"?>
<!-- Generated by org.testng.reporters.JUnitReportReporter -->
<testsuite ignored="0" hostname="DESKTOP-1LKOS4U" failures="0" tests="2" name="cucumberOptions.TestRunner" time="61.569" errors="0" timestamp="30 Dec 2021 03:29:22 GMT" skipped="0">
  <testcase classname="cucumberOptions.TestRunner" name="runScenario" time="28.770"/>
  <testcase classname="cucumberOptions.TestRunner" name="runScenario" time="32.799"/>
</testsuite> <!-- cucumberOptions.TestRunner -->
