<?xml version="1.0" encoding="UTF-8"?>
<!-- Generated by org.testng.reporters.JUnitReportReporter -->
<testsuite name="cucumberOptions.TestRunner" tests="2" time="58.752" ignored="0" failures="0" timestamp="24 Dec 2021 03:15:11 GMT" skipped="0" hostname="DESKTOP-1LKOS4U" errors="0">
  <testcase name="runScenario" time="27.532" classname="cucumberOptions.TestRunner"/>
  <testcase name="runScenario" time="31.220" classname="cucumberOptions.TestRunner"/>
</testsuite> <!-- cucumberOptions.TestRunner -->
